{"C:\\Users\\win11\\Documents\\proyectos\\TEST_API\\PROY3_Clickup\\main\\core\\api\\request_manager.js": {"path":"C:\\Users\\win11\\Documents\\proyectos\\TEST_API\\PROY3_Clickup\\main\\core\\api\\request_manager.js","statementMap":{"0":{"start":{"line":1,"column":14},"end":{"line":1,"column":30}},"1":{"start":{"line":2,"column":29},"end":{"line":2,"column":70}},"2":{"start":{"line":3,"column":15},"end":{"line":3,"column":41}},"3":{"start":{"line":12,"column":4},"end":{"line":14,"column":7}},"4":{"start":{"line":20,"column":28},"end":{"line":20,"column":51}},"5":{"start":{"line":21,"column":23},"end":{"line":21,"column":62}},"6":{"start":{"line":22,"column":18},"end":{"line":22,"column":76}},"7":{"start":{"line":23,"column":25},"end":{"line":23,"column":90}},"8":{"start":{"line":24,"column":20},"end":{"line":24,"column":115}},"9":{"start":{"line":26,"column":27},"end":{"line":37,"column":5}},"10":{"start":{"line":39,"column":4},"end":{"line":46,"column":5}},"11":{"start":{"line":40,"column":23},"end":{"line":40,"column":66}},"12":{"start":{"line":41,"column":6},"end":{"line":41,"column":141}},"13":{"start":{"line":42,"column":6},"end":{"line":42,"column":22}},"14":{"start":{"line":44,"column":6},"end":{"line":44,"column":194}},"15":{"start":{"line":45,"column":6},"end":{"line":45,"column":28}},"16":{"start":{"line":50,"column":0},"end":{"line":50,"column":38}}},"fnMap":{"0":{"name":"(anonymous_0)","decl":{"start":{"line":11,"column":2},"end":{"line":11,"column":3}},"loc":{"start":{"line":11,"column":16},"end":{"line":15,"column":3}},"line":11},"1":{"name":"(anonymous_1)","decl":{"start":{"line":19,"column":2},"end":{"line":19,"column":3}},"loc":{"start":{"line":19,"column":62},"end":{"line":47,"column":3}},"line":19}},"branchMap":{"0":{"loc":{"start":{"line":19,"column":33},"end":{"line":19,"column":42}},"type":"default-arg","locations":[{"start":{"line":19,"column":40},"end":{"line":19,"column":42}}],"line":19},"1":{"loc":{"start":{"line":19,"column":44},"end":{"line":19,"column":60}},"type":"default-arg","locations":[{"start":{"line":19,"column":58},"end":{"line":19,"column":60}}],"line":19},"2":{"loc":{"start":{"line":24,"column":20},"end":{"line":24,"column":115}},"type":"cond-expr","locations":[{"start":{"line":24,"column":33},"end":{"line":24,"column":82}},{"start":{"line":24,"column":85},"end":{"line":24,"column":115}}],"line":24},"3":{"loc":{"start":{"line":32,"column":15},"end":{"line":32,"column":45}},"type":"cond-expr","locations":[{"start":{"line":32,"column":33},"end":{"line":32,"column":38}},{"start":{"line":32,"column":41},"end":{"line":32,"column":45}}],"line":32},"4":{"loc":{"start":{"line":34,"column":24},"end":{"line":34,"column":84}},"type":"cond-expr","locations":[{"start":{"line":34,"column":42},"end":{"line":34,"column":63}},{"start":{"line":34,"column":66},"end":{"line":34,"column":84}}],"line":34},"5":{"loc":{"start":{"line":35,"column":23},"end":{"line":35,"column":56}},"type":"cond-expr","locations":[{"start":{"line":35,"column":36},"end":{"line":35,"column":48}},{"start":{"line":35,"column":51},"end":{"line":35,"column":56}}],"line":35}},"s":{"0":1,"1":1,"2":1,"3":1,"4":4,"5":4,"6":4,"7":4,"8":4,"9":4,"10":4,"11":4,"12":4,"13":4,"14":0,"15":0,"16":1},"f":{"0":1,"1":4},"b":{"0":[2],"1":[4],"2":[0,4],"3":[0,4],"4":[0,4],"5":[0,4]},"_coverageSchema":"1a1c01bbd47fc00a2c39e90264f33305004495a9","hash":"321b8ea7f1f95454fafd56561ab50a4d6adbe5e9"}
,"C:\\Users\\win11\\Documents\\proyectos\\TEST_API\\PROY3_Clickup\\main\\core\\selenium\\chrome.js": {"path":"C:\\Users\\win11\\Documents\\proyectos\\TEST_API\\PROY3_Clickup\\main\\core\\selenium\\chrome.js","statementMap":{"0":{"start":{"line":1,"column":18},"end":{"line":1,"column":47}},"1":{"start":{"line":2,"column":15},"end":{"line":2,"column":51}},"2":{"start":{"line":3,"column":15},"end":{"line":3,"column":41}},"3":{"start":{"line":4,"column":30},"end":{"line":4,"column":71}},"4":{"start":{"line":10,"column":15},"end":{"line":23,"column":1}},"5":{"start":{"line":11,"column":16},"end":{"line":11,"column":36}},"6":{"start":{"line":12,"column":2},"end":{"line":12,"column":50}},"7":{"start":{"line":12,"column":31},"end":{"line":12,"column":50}},"8":{"start":{"line":13,"column":2},"end":{"line":13,"column":99}},"9":{"start":{"line":14,"column":2},"end":{"line":14,"column":47}},"10":{"start":{"line":15,"column":15},"end":{"line":18,"column":12}},"11":{"start":{"line":19,"column":2},"end":{"line":19,"column":86}},"12":{"start":{"line":20,"column":2},"end":{"line":20,"column":41}},"13":{"start":{"line":21,"column":2},"end":{"line":21,"column":58}},"14":{"start":{"line":22,"column":2},"end":{"line":22,"column":16}},"15":{"start":{"line":25,"column":0},"end":{"line":25,"column":24}}},"fnMap":{"0":{"name":"(anonymous_0)","decl":{"start":{"line":10,"column":15},"end":{"line":10,"column":16}},"loc":{"start":{"line":10,"column":41},"end":{"line":23,"column":1}},"line":10}},"branchMap":{"0":{"loc":{"start":{"line":12,"column":2},"end":{"line":12,"column":50}},"type":"if","locations":[{"start":{"line":12,"column":2},"end":{"line":12,"column":50}},{"start":{},"end":{}}],"line":12}},"s":{"0":1,"1":1,"2":1,"3":1,"4":1,"5":0,"6":0,"7":0,"8":0,"9":0,"10":0,"11":0,"12":0,"13":0,"14":0,"15":1},"f":{"0":0},"b":{"0":[0,0]},"_coverageSchema":"1a1c01bbd47fc00a2c39e90264f33305004495a9","hash":"2bbf9ded9cd9af1deb326fdd9ddcbaf1d4a22069"}
,"C:\\Users\\win11\\Documents\\proyectos\\TEST_API\\PROY3_Clickup\\main\\core\\selenium\\driver_factory.js": {"path":"C:\\Users\\win11\\Documents\\proyectos\\TEST_API\\PROY3_Clickup\\main\\core\\selenium\\driver_factory.js","statementMap":{"0":{"start":{"line":1,"column":15},"end":{"line":1,"column":34}},"1":{"start":{"line":2,"column":13},"end":{"line":2,"column":30}},"2":{"start":{"line":3,"column":19},"end":{"line":3,"column":50}},"3":{"start":{"line":4,"column":15},"end":{"line":4,"column":31}},"4":{"start":{"line":14,"column":4},"end":{"line":14,"column":37}},"5":{"start":{"line":15,"column":4},"end":{"line":15,"column":62}},"6":{"start":{"line":21,"column":23},"end":{"line":21,"column":54}},"7":{"start":{"line":22,"column":19},"end":{"line":24,"column":19}},"8":{"start":{"line":25,"column":4},"end":{"line":25,"column":20}},"9":{"start":{"line":29,"column":0},"end":{"line":29,"column":37}}},"fnMap":{"0":{"name":"(anonymous_0)","decl":{"start":{"line":13,"column":2},"end":{"line":13,"column":3}},"loc":{"start":{"line":13,"column":16},"end":{"line":16,"column":3}},"line":13},"1":{"name":"(anonymous_1)","decl":{"start":{"line":20,"column":2},"end":{"line":20,"column":3}},"loc":{"start":{"line":20,"column":20},"end":{"line":26,"column":3}},"line":20}},"branchMap":{},"s":{"0":1,"1":1,"2":1,"3":1,"4":1,"5":1,"6":1,"7":1,"8":1,"9":1},"f":{"0":1,"1":1},"b":{},"_coverageSchema":"1a1c01bbd47fc00a2c39e90264f33305004495a9","hash":"0215670e77b857886e380ea6cc646adf9421fd8f"}
,"C:\\Users\\win11\\Documents\\proyectos\\TEST_API\\PROY3_Clickup\\main\\core\\selenium\\driver_manager.js": {"path":"C:\\Users\\win11\\Documents\\proyectos\\TEST_API\\PROY3_Clickup\\main\\core\\selenium\\driver_manager.js","statementMap":{"0":{"start":{"line":1,"column":15},"end":{"line":1,"column":41}},"1":{"start":{"line":2,"column":23},"end":{"line":2,"column":50}},"2":{"start":{"line":11,"column":4},"end":{"line":11,"column":31}},"3":{"start":{"line":17,"column":4},"end":{"line":23,"column":5}},"4":{"start":{"line":18,"column":6},"end":{"line":18,"column":44}},"5":{"start":{"line":19,"column":6},"end":{"line":19,"column":53}},"6":{"start":{"line":20,"column":6},"end":{"line":20,"column":32}},"7":{"start":{"line":22,"column":6},"end":{"line":22,"column":45}},"8":{"start":{"line":24,"column":4},"end":{"line":27,"column":6}},"9":{"start":{"line":33,"column":4},"end":{"line":39,"column":5}},"10":{"start":{"line":34,"column":6},"end":{"line":34,"column":44}},"11":{"start":{"line":36,"column":6},"end":{"line":36,"column":31}},"12":{"start":{"line":37,"column":6},"end":{"line":37,"column":33}},"13":{"start":{"line":38,"column":6},"end":{"line":38,"column":36}},"14":{"start":{"line":43,"column":0},"end":{"line":43,"column":37}}},"fnMap":{"0":{"name":"(anonymous_0)","decl":{"start":{"line":10,"column":2},"end":{"line":10,"column":3}},"loc":{"start":{"line":10,"column":16},"end":{"line":12,"column":3}},"line":10},"1":{"name":"(anonymous_1)","decl":{"start":{"line":16,"column":2},"end":{"line":16,"column":3}},"loc":{"start":{"line":16,"column":15},"end":{"line":28,"column":3}},"line":16},"2":{"name":"(anonymous_2)","decl":{"start":{"line":32,"column":2},"end":{"line":32,"column":3}},"loc":{"start":{"line":32,"column":16},"end":{"line":40,"column":3}},"line":32}},"branchMap":{"0":{"loc":{"start":{"line":17,"column":4},"end":{"line":23,"column":5}},"type":"if","locations":[{"start":{"line":17,"column":4},"end":{"line":23,"column":5}},{"start":{"line":21,"column":11},"end":{"line":23,"column":5}}],"line":17},"1":{"loc":{"start":{"line":33,"column":4},"end":{"line":39,"column":5}},"type":"if","locations":[{"start":{"line":33,"column":4},"end":{"line":39,"column":5}},{"start":{"line":35,"column":11},"end":{"line":39,"column":5}}],"line":33}},"s":{"0":1,"1":1,"2":1,"3":1,"4":1,"5":1,"6":1,"7":0,"8":1,"9":1,"10":0,"11":1,"12":1,"13":1,"14":1},"f":{"0":1,"1":1,"2":1},"b":{"0":[1,0],"1":[0,1]},"_coverageSchema":"1a1c01bbd47fc00a2c39e90264f33305004495a9","hash":"7aa4e57757b164a78834ec9e030ad8b5d63527bf"}
,"C:\\Users\\win11\\Documents\\proyectos\\TEST_API\\PROY3_Clickup\\main\\core\\selenium\\edge.js": {"path":"C:\\Users\\win11\\Documents\\proyectos\\TEST_API\\PROY3_Clickup\\main\\core\\selenium\\edge.js","statementMap":{"0":{"start":{"line":1,"column":18},"end":{"line":1,"column":47}},"1":{"start":{"line":2,"column":13},"end":{"line":2,"column":47}},"2":{"start":{"line":3,"column":15},"end":{"line":3,"column":41}},"3":{"start":{"line":9,"column":13},"end":{"line":18,"column":1}},"4":{"start":{"line":10,"column":16},"end":{"line":10,"column":34}},"5":{"start":{"line":11,"column":2},"end":{"line":11,"column":50}},"6":{"start":{"line":11,"column":31},"end":{"line":11,"column":50}},"7":{"start":{"line":12,"column":2},"end":{"line":12,"column":99}},"8":{"start":{"line":13,"column":2},"end":{"line":13,"column":47}},"9":{"start":{"line":14,"column":15},"end":{"line":14,"column":99}},"10":{"start":{"line":15,"column":2},"end":{"line":15,"column":39}},"11":{"start":{"line":16,"column":2},"end":{"line":16,"column":58}},"12":{"start":{"line":17,"column":2},"end":{"line":17,"column":16}},"13":{"start":{"line":20,"column":0},"end":{"line":20,"column":22}}},"fnMap":{"0":{"name":"(anonymous_0)","decl":{"start":{"line":9,"column":13},"end":{"line":9,"column":14}},"loc":{"start":{"line":9,"column":39},"end":{"line":18,"column":1}},"line":9}},"branchMap":{"0":{"loc":{"start":{"line":11,"column":2},"end":{"line":11,"column":50}},"type":"if","locations":[{"start":{"line":11,"column":2},"end":{"line":11,"column":50}},{"start":{},"end":{}}],"line":11}},"s":{"0":1,"1":1,"2":1,"3":1,"4":1,"5":1,"6":0,"7":1,"8":1,"9":1,"10":1,"11":1,"12":1,"13":1},"f":{"0":1},"b":{"0":[0,1]},"_coverageSchema":"1a1c01bbd47fc00a2c39e90264f33305004495a9","hash":"d419cb95f899562edcf3a3aa5b78853fb7d71c7c"}
,"C:\\Users\\win11\\Documents\\proyectos\\TEST_API\\PROY3_Clickup\\main\\core\\utils\\api_methods.js": {"path":"C:\\Users\\win11\\Documents\\proyectos\\TEST_API\\PROY3_Clickup\\main\\core\\utils\\api_methods.js","statementMap":{"0":{"start":{"line":1,"column":19},"end":{"line":6,"column":1}},"1":{"start":{"line":8,"column":0},"end":{"line":8,"column":28}}},"fnMap":{},"branchMap":{},"s":{"0":1,"1":1},"f":{},"b":{},"_coverageSchema":"1a1c01bbd47fc00a2c39e90264f33305004495a9","hash":"f671171fdb7f97b633f7a680af5df6bc6192cd90"}
,"C:\\Users\\win11\\Documents\\proyectos\\TEST_API\\PROY3_Clickup\\main\\core\\utils\\configuration_manager.js": {"path":"C:\\Users\\win11\\Documents\\proyectos\\TEST_API\\PROY3_Clickup\\main\\core\\utils\\configuration_manager.js","statementMap":{"0":{"start":{"line":1,"column":19},"end":{"line":1,"column":43}},"1":{"start":{"line":2,"column":15},"end":{"line":2,"column":31}},"2":{"start":{"line":12,"column":4},"end":{"line":12,"column":54}},"3":{"start":{"line":13,"column":4},"end":{"line":14,"column":65}},"4":{"start":{"line":18,"column":0},"end":{"line":18,"column":44}}},"fnMap":{"0":{"name":"(anonymous_0)","decl":{"start":{"line":11,"column":2},"end":{"line":11,"column":3}},"loc":{"start":{"line":11,"column":16},"end":{"line":15,"column":3}},"line":11}},"branchMap":{},"s":{"0":3,"1":3,"2":3,"3":3,"4":3},"f":{"0":3},"b":{},"_coverageSchema":"1a1c01bbd47fc00a2c39e90264f33305004495a9","hash":"b1cdaa7930669e1f13619fda861bd119d46b1487"}
,"C:\\Users\\win11\\Documents\\proyectos\\TEST_API\\PROY3_Clickup\\main\\core\\utils\\get_properties.js": {"path":"C:\\Users\\win11\\Documents\\proyectos\\TEST_API\\PROY3_Clickup\\main\\core\\utils\\get_properties.js","statementMap":{"0":{"start":{"line":5,"column":22},"end":{"line":23,"column":1}},"1":{"start":{"line":6,"column":19},"end":{"line":6,"column":21}},"2":{"start":{"line":7,"column":2},"end":{"line":21,"column":3}},"3":{"start":{"line":8,"column":16},"end":{"line":8,"column":29}},"4":{"start":{"line":9,"column":4},"end":{"line":19,"column":5}},"5":{"start":{"line":10,"column":6},"end":{"line":10,"column":19}},"6":{"start":{"line":11,"column":11},"end":{"line":19,"column":5}},"7":{"start":{"line":12,"column":6},"end":{"line":12,"column":20}},"8":{"start":{"line":13,"column":11},"end":{"line":19,"column":5}},"9":{"start":{"line":14,"column":6},"end":{"line":14,"column":21}},"10":{"start":{"line":15,"column":11},"end":{"line":19,"column":5}},"11":{"start":{"line":16,"column":6},"end":{"line":16,"column":17}},"12":{"start":{"line":17,"column":11},"end":{"line":19,"column":5}},"13":{"start":{"line":18,"column":6},"end":{"line":18,"column":19}},"14":{"start":{"line":20,"column":4},"end":{"line":20,"column":56}},"15":{"start":{"line":22,"column":2},"end":{"line":22,"column":20}},"16":{"start":{"line":24,"column":0},"end":{"line":24,"column":31}}},"fnMap":{"0":{"name":"(anonymous_0)","decl":{"start":{"line":5,"column":22},"end":{"line":5,"column":23}},"loc":{"start":{"line":5,"column":43},"end":{"line":23,"column":1}},"line":5}},"branchMap":{"0":{"loc":{"start":{"line":9,"column":4},"end":{"line":19,"column":5}},"type":"if","locations":[{"start":{"line":9,"column":4},"end":{"line":19,"column":5}},{"start":{"line":11,"column":11},"end":{"line":19,"column":5}}],"line":9},"1":{"loc":{"start":{"line":11,"column":11},"end":{"line":19,"column":5}},"type":"if","locations":[{"start":{"line":11,"column":11},"end":{"line":19,"column":5}},{"start":{"line":13,"column":11},"end":{"line":19,"column":5}}],"line":11},"2":{"loc":{"start":{"line":13,"column":11},"end":{"line":19,"column":5}},"type":"if","locations":[{"start":{"line":13,"column":11},"end":{"line":19,"column":5}},{"start":{"line":15,"column":11},"end":{"line":19,"column":5}}],"line":13},"3":{"loc":{"start":{"line":15,"column":11},"end":{"line":19,"column":5}},"type":"if","locations":[{"start":{"line":15,"column":11},"end":{"line":19,"column":5}},{"start":{"line":17,"column":11},"end":{"line":19,"column":5}}],"line":15},"4":{"loc":{"start":{"line":17,"column":11},"end":{"line":19,"column":5}},"type":"if","locations":[{"start":{"line":17,"column":11},"end":{"line":19,"column":5}},{"start":{},"end":{}}],"line":17}},"s":{"0":1,"1":6,"2":6,"3":18,"4":18,"5":3,"6":15,"7":1,"8":14,"9":4,"10":10,"11":4,"12":6,"13":2,"14":18,"15":6,"16":1},"f":{"0":6},"b":{"0":[3,15],"1":[1,14],"2":[4,10],"3":[4,6],"4":[2,4]},"_coverageSchema":"1a1c01bbd47fc00a2c39e90264f33305004495a9","hash":"c8f7ba34e90c4a3b3b611103269e9e4f32467828"}
,"C:\\Users\\win11\\Documents\\proyectos\\TEST_API\\PROY3_Clickup\\main\\core\\utils\\json_reader.js": {"path":"C:\\Users\\win11\\Documents\\proyectos\\TEST_API\\PROY3_Clickup\\main\\core\\utils\\json_reader.js","statementMap":{"0":{"start":{"line":1,"column":11},"end":{"line":1,"column":24}},"1":{"start":{"line":2,"column":13},"end":{"line":2,"column":28}},"2":{"start":{"line":16,"column":21},"end":{"line":16,"column":63}},"3":{"start":{"line":17,"column":4},"end":{"line":17,"column":49}},"4":{"start":{"line":21,"column":0},"end":{"line":21,"column":28}}},"fnMap":{"0":{"name":"(anonymous_0)","decl":{"start":{"line":14,"column":2},"end":{"line":14,"column":3}},"loc":{"start":{"line":14,"column":17},"end":{"line":18,"column":3}},"line":14}},"branchMap":{},"s":{"0":5,"1":5,"2":8,"3":8,"4":5},"f":{"0":8},"b":{},"_coverageSchema":"1a1c01bbd47fc00a2c39e90264f33305004495a9","hash":"ea25db01a41a0dc3f92f73e8ba81f42a782ee61a"}
,"C:\\Users\\win11\\Documents\\proyectos\\TEST_API\\PROY3_Clickup\\main\\core\\utils\\logger.js": {"path":"C:\\Users\\win11\\Documents\\proyectos\\TEST_API\\PROY3_Clickup\\main\\core\\utils\\logger.js","statementMap":{"0":{"start":{"line":2,"column":13},"end":{"line":2,"column":28}},"1":{"start":{"line":3,"column":15},"end":{"line":3,"column":32}},"2":{"start":{"line":5,"column":0},"end":{"line":5,"column":16}},"3":{"start":{"line":7,"column":14},"end":{"line":7,"column":24}},"4":{"start":{"line":8,"column":20},"end":{"line":8,"column":91}},"5":{"start":{"line":13,"column":0},"end":{"line":36,"column":3}}},"fnMap":{},"branchMap":{"0":{"loc":{"start":{"line":14,"column":9},"end":{"line":14,"column":46}},"type":"binary-expr","locations":[{"start":{"line":14,"column":9},"end":{"line":14,"column":35}},{"start":{"line":14,"column":39},"end":{"line":14,"column":46}}],"line":14}},"s":{"0":3,"1":3,"2":3,"3":3,"4":3,"5":3},"f":{},"b":{"0":[3,3]},"_coverageSchema":"1a1c01bbd47fc00a2c39e90264f33305004495a9","hash":"5ea813db09d3b526d2b9269f2db30ae45dbec4b5"}
,"C:\\Users\\win11\\Documents\\proyectos\\TEST_API\\PROY3_Clickup\\main\\core\\utils\\random_generator.js": {"path":"C:\\Users\\win11\\Documents\\proyectos\\TEST_API\\PROY3_Clickup\\main\\core\\utils\\random_generator.js","statementMap":{"0":{"start":{"line":1,"column":18},"end":{"line":1,"column":44}},"1":{"start":{"line":16,"column":4},"end":{"line":16,"column":50}},"2":{"start":{"line":17,"column":4},"end":{"line":17,"column":21}},"3":{"start":{"line":28,"column":4},"end":{"line":28,"column":64}},"4":{"start":{"line":29,"column":4},"end":{"line":29,"column":21}},"5":{"start":{"line":38,"column":4},"end":{"line":38,"column":51}},"6":{"start":{"line":39,"column":4},"end":{"line":39,"column":22}},"7":{"start":{"line":49,"column":4},"end":{"line":49,"column":69}},"8":{"start":{"line":64,"column":4},"end":{"line":64,"column":47}},"9":{"start":{"line":65,"column":4},"end":{"line":65,"column":20}},"10":{"start":{"line":72,"column":4},"end":{"line":72,"column":51}},"11":{"start":{"line":73,"column":4},"end":{"line":73,"column":22}},"12":{"start":{"line":82,"column":21},"end":{"line":82,"column":51}},"13":{"start":{"line":83,"column":4},"end":{"line":83,"column":19}},"14":{"start":{"line":87,"column":0},"end":{"line":87,"column":39}}},"fnMap":{"0":{"name":"(anonymous_0)","decl":{"start":{"line":15,"column":2},"end":{"line":15,"column":3}},"loc":{"start":{"line":15,"column":19},"end":{"line":18,"column":3}},"line":15},"1":{"name":"(anonymous_1)","decl":{"start":{"line":27,"column":2},"end":{"line":27,"column":3}},"loc":{"start":{"line":27,"column":26},"end":{"line":30,"column":3}},"line":27},"2":{"name":"(anonymous_2)","decl":{"start":{"line":37,"column":2},"end":{"line":37,"column":3}},"loc":{"start":{"line":37,"column":20},"end":{"line":40,"column":3}},"line":37},"3":{"name":"(anonymous_3)","decl":{"start":{"line":48,"column":2},"end":{"line":48,"column":3}},"loc":{"start":{"line":48,"column":16},"end":{"line":50,"column":3}},"line":48},"4":{"name":"(anonymous_4)","decl":{"start":{"line":63,"column":2},"end":{"line":63,"column":3}},"loc":{"start":{"line":63,"column":19},"end":{"line":66,"column":3}},"line":63},"5":{"name":"(anonymous_5)","decl":{"start":{"line":71,"column":2},"end":{"line":71,"column":3}},"loc":{"start":{"line":71,"column":21},"end":{"line":74,"column":3}},"line":71},"6":{"name":"(anonymous_6)","decl":{"start":{"line":81,"column":2},"end":{"line":81,"column":3}},"loc":{"start":{"line":81,"column":9},"end":{"line":84,"column":3}},"line":81}},"branchMap":{},"s":{"0":1,"1":1,"2":1,"3":1,"4":1,"5":1,"6":1,"7":1,"8":1,"9":1,"10":1,"11":1,"12":1,"13":1,"14":1},"f":{"0":1,"1":1,"2":1,"3":1,"4":1,"5":1,"6":1},"b":{},"_coverageSchema":"1a1c01bbd47fc00a2c39e90264f33305004495a9","hash":"e3bc20dc316b7ed1be04e3e439101652cd5b5981"}
,"C:\\Users\\win11\\Documents\\proyectos\\TEST_API\\PROY3_Clickup\\main\\core\\utils\\validator.js": {"path":"C:\\Users\\win11\\Documents\\proyectos\\TEST_API\\PROY3_Clickup\\main\\core\\utils\\validator.js","statementMap":{"0":{"start":{"line":1,"column":18},"end":{"line":1,"column":49}},"1":{"start":{"line":2,"column":14},"end":{"line":2,"column":38}},"2":{"start":{"line":9,"column":23},"end":{"line":13,"column":1}},"3":{"start":{"line":10,"column":18},"end":{"line":10,"column":33}},"4":{"start":{"line":11,"column":15},"end":{"line":11,"column":35}},"5":{"start":{"line":12,"column":2},"end":{"line":12,"column":52}},"6":{"start":{"line":15,"column":0},"end":{"line":15,"column":32}}},"fnMap":{"0":{"name":"(anonymous_0)","decl":{"start":{"line":9,"column":23},"end":{"line":9,"column":24}},"loc":{"start":{"line":9,"column":55},"end":{"line":13,"column":1}},"line":9}},"branchMap":{},"s":{"0":1,"1":1,"2":1,"3":1,"4":1,"5":1,"6":1},"f":{"0":1},"b":{},"_coverageSchema":"1a1c01bbd47fc00a2c39e90264f33305004495a9","hash":"437477c9cd8463a1ba1e8260f2418e2774769b28"}
,"C:\\Users\\win11\\Documents\\proyectos\\TEST_API\\PROY3_Clickup\\main\\core\\utils\\ui\\web_driver_gettings.js": {"path":"C:\\Users\\win11\\Documents\\proyectos\\TEST_API\\PROY3_Clickup\\main\\core\\utils\\ui\\web_driver_gettings.js","statementMap":{"0":{"start":{"line":1,"column":23},"end":{"line":1,"column":63}},"1":{"start":{"line":2,"column":15},"end":{"line":2,"column":35}},"2":{"start":{"line":3,"column":26},"end":{"line":3,"column":58}},"3":{"start":{"line":13,"column":4},"end":{"line":13,"column":33}},"4":{"start":{"line":21,"column":4},"end":{"line":21,"column":53}},"5":{"start":{"line":22,"column":17},"end":{"line":22,"column":65}},"6":{"start":{"line":23,"column":4},"end":{"line":23,"column":56}},"7":{"start":{"line":24,"column":4},"end":{"line":24,"column":16}},"8":{"start":{"line":33,"column":4},"end":{"line":33,"column":53}},"9":{"start":{"line":34,"column":18},"end":{"line":34,"column":80}},"10":{"start":{"line":35,"column":4},"end":{"line":35,"column":75}},"11":{"start":{"line":36,"column":4},"end":{"line":36,"column":17}},"12":{"start":{"line":48,"column":18},"end":{"line":48,"column":57}},"13":{"start":{"line":49,"column":4},"end":{"line":49,"column":63}},"14":{"start":{"line":50,"column":4},"end":{"line":50,"column":17}},"15":{"start":{"line":60,"column":4},"end":{"line":60,"column":78}},"16":{"start":{"line":72,"column":18},"end":{"line":72,"column":56}},"17":{"start":{"line":73,"column":18},"end":{"line":73,"column":50}},"18":{"start":{"line":74,"column":4},"end":{"line":74,"column":42}},"19":{"start":{"line":75,"column":23},"end":{"line":75,"column":42}},"20":{"start":{"line":76,"column":21},"end":{"line":76,"column":93}},"21":{"start":{"line":77,"column":4},"end":{"line":77,"column":20}},"22":{"start":{"line":81,"column":0},"end":{"line":81,"column":35}}},"fnMap":{"0":{"name":"(anonymous_0)","decl":{"start":{"line":12,"column":2},"end":{"line":12,"column":3}},"loc":{"start":{"line":12,"column":22},"end":{"line":14,"column":3}},"line":12},"1":{"name":"(anonymous_1)","decl":{"start":{"line":20,"column":2},"end":{"line":20,"column":3}},"loc":{"start":{"line":20,"column":32},"end":{"line":25,"column":3}},"line":20},"2":{"name":"(anonymous_2)","decl":{"start":{"line":32,"column":2},"end":{"line":32,"column":3}},"loc":{"start":{"line":32,"column":53},"end":{"line":37,"column":3}},"line":32},"3":{"name":"(anonymous_3)","decl":{"start":{"line":47,"column":2},"end":{"line":47,"column":3}},"loc":{"start":{"line":47,"column":36},"end":{"line":51,"column":3}},"line":47},"4":{"name":"(anonymous_4)","decl":{"start":{"line":59,"column":2},"end":{"line":59,"column":3}},"loc":{"start":{"line":59,"column":27},"end":{"line":61,"column":3}},"line":59},"5":{"name":"(anonymous_5)","decl":{"start":{"line":71,"column":2},"end":{"line":71,"column":3}},"loc":{"start":{"line":71,"column":33},"end":{"line":78,"column":3}},"line":71}},"branchMap":{},"s":{"0":1,"1":1,"2":1,"3":9,"4":1,"5":1,"6":1,"7":1,"8":1,"9":1,"10":1,"11":1,"12":1,"13":1,"14":1,"15":7,"16":2,"17":2,"18":2,"19":2,"20":2,"21":2,"22":1},"f":{"0":9,"1":1,"2":1,"3":1,"4":7,"5":2},"b":{},"_coverageSchema":"1a1c01bbd47fc00a2c39e90264f33305004495a9","hash":"ee5b810e513dfbe2fb5fc5b1bc279b07dcabcf79"}
,"C:\\Users\\win11\\Documents\\proyectos\\TEST_API\\PROY3_Clickup\\main\\core\\utils\\ui\\web_driver_waitings.js": {"path":"C:\\Users\\win11\\Documents\\proyectos\\TEST_API\\PROY3_Clickup\\main\\core\\utils\\ui\\web_driver_waitings.js","statementMap":{"0":{"start":{"line":1,"column":22},"end":{"line":1,"column":51}},"1":{"start":{"line":2,"column":15},"end":{"line":2,"column":44}},"2":{"start":{"line":3,"column":23},"end":{"line":3,"column":63}},"3":{"start":{"line":4,"column":30},"end":{"line":4,"column":65}},"4":{"start":{"line":13,"column":4},"end":{"line":13,"column":32}},"5":{"start":{"line":23,"column":20},"end":{"line":23,"column":55}},"6":{"start":{"line":24,"column":4},"end":{"line":24,"column":65}},"7":{"start":{"line":25,"column":4},"end":{"line":25,"column":67}},"8":{"start":{"line":26,"column":4},"end":{"line":26,"column":94}},"9":{"start":{"line":27,"column":4},"end":{"line":27,"column":94}},"10":{"start":{"line":38,"column":20},"end":{"line":38,"column":55}},"11":{"start":{"line":39,"column":4},"end":{"line":39,"column":75}},"12":{"start":{"line":41,"column":20},"end":{"line":41,"column":24}},"13":{"start":{"line":42,"column":4},"end":{"line":53,"column":5}},"14":{"start":{"line":43,"column":6},"end":{"line":52,"column":7}},"15":{"start":{"line":44,"column":8},"end":{"line":49,"column":20}},"16":{"start":{"line":45,"column":21},"end":{"line":45,"column":59}},"17":{"start":{"line":46,"column":10},"end":{"line":46,"column":52}},"18":{"start":{"line":47,"column":10},"end":{"line":47,"column":51}},"19":{"start":{"line":48,"column":10},"end":{"line":48,"column":28}},"20":{"start":{"line":51,"column":8},"end":{"line":51,"column":14}},"21":{"start":{"line":54,"column":4},"end":{"line":58,"column":5}},"22":{"start":{"line":55,"column":6},"end":{"line":55,"column":75}},"23":{"start":{"line":57,"column":6},"end":{"line":57,"column":62}},"24":{"start":{"line":59,"column":4},"end":{"line":59,"column":18}},"25":{"start":{"line":70,"column":20},"end":{"line":70,"column":55}},"26":{"start":{"line":71,"column":4},"end":{"line":71,"column":41}},"27":{"start":{"line":72,"column":4},"end":{"line":72,"column":69}},"28":{"start":{"line":73,"column":4},"end":{"line":73,"column":97}},"29":{"start":{"line":83,"column":20},"end":{"line":83,"column":55}},"30":{"start":{"line":84,"column":4},"end":{"line":84,"column":96}},"31":{"start":{"line":85,"column":4},"end":{"line":88,"column":16}},"32":{"start":{"line":86,"column":26},"end":{"line":86,"column":99}},"33":{"start":{"line":87,"column":6},"end":{"line":87,"column":42}},"34":{"start":{"line":97,"column":20},"end":{"line":97,"column":55}},"35":{"start":{"line":98,"column":4},"end":{"line":98,"column":80}},"36":{"start":{"line":99,"column":23},"end":{"line":99,"column":41}},"37":{"start":{"line":100,"column":4},"end":{"line":100,"column":70}},"38":{"start":{"line":109,"column":20},"end":{"line":109,"column":55}},"39":{"start":{"line":110,"column":4},"end":{"line":117,"column":5}},"40":{"start":{"line":111,"column":6},"end":{"line":111,"column":109}},"41":{"start":{"line":112,"column":6},"end":{"line":112,"column":66}},"42":{"start":{"line":113,"column":6},"end":{"line":113,"column":98}},"43":{"start":{"line":116,"column":6},"end":{"line":116,"column":44}},"44":{"start":{"line":127,"column":20},"end":{"line":127,"column":55}},"45":{"start":{"line":128,"column":4},"end":{"line":128,"column":41}},"46":{"start":{"line":129,"column":4},"end":{"line":129,"column":94}},"47":{"start":{"line":130,"column":4},"end":{"line":130,"column":65}},"48":{"start":{"line":140,"column":20},"end":{"line":140,"column":55}},"49":{"start":{"line":141,"column":4},"end":{"line":141,"column":41}},"50":{"start":{"line":142,"column":4},"end":{"line":142,"column":94}},"51":{"start":{"line":143,"column":4},"end":{"line":143,"column":65}},"52":{"start":{"line":153,"column":20},"end":{"line":153,"column":55}},"53":{"start":{"line":154,"column":4},"end":{"line":166,"column":5}},"54":{"start":{"line":155,"column":6},"end":{"line":163,"column":18}},"55":{"start":{"line":156,"column":8},"end":{"line":162,"column":9}},"56":{"start":{"line":157,"column":21},"end":{"line":157,"column":59}},"57":{"start":{"line":158,"column":30},"end":{"line":158,"column":52}},"58":{"start":{"line":159,"column":10},"end":{"line":159,"column":30}},"59":{"start":{"line":161,"column":10},"end":{"line":161,"column":22}},"60":{"start":{"line":165,"column":6},"end":{"line":165,"column":73}},"61":{"start":{"line":178,"column":4},"end":{"line":178,"column":58}},"62":{"start":{"line":179,"column":23},"end":{"line":179,"column":55}},"63":{"start":{"line":180,"column":4},"end":{"line":180,"column":40}},"64":{"start":{"line":190,"column":20},"end":{"line":190,"column":55}},"65":{"start":{"line":191,"column":4},"end":{"line":191,"column":65}},"66":{"start":{"line":192,"column":4},"end":{"line":192,"column":67}},"67":{"start":{"line":193,"column":4},"end":{"line":193,"column":94}},"68":{"start":{"line":197,"column":0},"end":{"line":197,"column":35}}},"fnMap":{"0":{"name":"(anonymous_0)","decl":{"start":{"line":12,"column":2},"end":{"line":12,"column":3}},"loc":{"start":{"line":12,"column":22},"end":{"line":14,"column":3}},"line":12},"1":{"name":"(anonymous_1)","decl":{"start":{"line":22,"column":2},"end":{"line":22,"column":3}},"loc":{"start":{"line":22,"column":41},"end":{"line":28,"column":3}},"line":22},"2":{"name":"(anonymous_2)","decl":{"start":{"line":37,"column":2},"end":{"line":37,"column":3}},"loc":{"start":{"line":37,"column":40},"end":{"line":60,"column":3}},"line":37},"3":{"name":"(anonymous_3)","decl":{"start":{"line":44,"column":31},"end":{"line":44,"column":32}},"loc":{"start":{"line":44,"column":43},"end":{"line":49,"column":9}},"line":44},"4":{"name":"(anonymous_4)","decl":{"start":{"line":69,"column":2},"end":{"line":69,"column":3}},"loc":{"start":{"line":69,"column":44},"end":{"line":74,"column":3}},"line":69},"5":{"name":"(anonymous_5)","decl":{"start":{"line":82,"column":2},"end":{"line":82,"column":3}},"loc":{"start":{"line":82,"column":84},"end":{"line":88,"column":17}},"line":82},"6":{"name":"(anonymous_6)","decl":{"start":{"line":85,"column":27},"end":{"line":85,"column":28}},"loc":{"start":{"line":85,"column":39},"end":{"line":88,"column":5}},"line":85},"7":{"name":"(anonymous_7)","decl":{"start":{"line":96,"column":2},"end":{"line":96,"column":3}},"loc":{"start":{"line":96,"column":47},"end":{"line":101,"column":3}},"line":96},"8":{"name":"(anonymous_8)","decl":{"start":{"line":108,"column":2},"end":{"line":108,"column":3}},"loc":{"start":{"line":108,"column":40},"end":{"line":118,"column":3}},"line":108},"9":{"name":"(anonymous_9)","decl":{"start":{"line":126,"column":2},"end":{"line":126,"column":3}},"loc":{"start":{"line":126,"column":50},"end":{"line":131,"column":3}},"line":126},"10":{"name":"(anonymous_10)","decl":{"start":{"line":139,"column":2},"end":{"line":139,"column":3}},"loc":{"start":{"line":139,"column":49},"end":{"line":144,"column":3}},"line":139},"11":{"name":"(anonymous_11)","decl":{"start":{"line":152,"column":2},"end":{"line":152,"column":3}},"loc":{"start":{"line":152,"column":53},"end":{"line":167,"column":3}},"line":152},"12":{"name":"(anonymous_12)","decl":{"start":{"line":155,"column":29},"end":{"line":155,"column":30}},"loc":{"start":{"line":155,"column":41},"end":{"line":163,"column":7}},"line":155},"13":{"name":"(anonymous_13)","decl":{"start":{"line":177,"column":2},"end":{"line":177,"column":3}},"loc":{"start":{"line":177,"column":41},"end":{"line":181,"column":3}},"line":177},"14":{"name":"(anonymous_14)","decl":{"start":{"line":189,"column":2},"end":{"line":189,"column":3}},"loc":{"start":{"line":189,"column":45},"end":{"line":194,"column":3}},"line":189}},"branchMap":{"0":{"loc":{"start":{"line":54,"column":4},"end":{"line":58,"column":5}},"type":"if","locations":[{"start":{"line":54,"column":4},"end":{"line":58,"column":5}},{"start":{"line":56,"column":11},"end":{"line":58,"column":5}}],"line":54}},"s":{"0":1,"1":1,"2":1,"3":1,"4":10,"5":2,"6":2,"7":2,"8":2,"9":2,"10":0,"11":0,"12":0,"13":0,"14":0,"15":0,"16":0,"17":0,"18":0,"19":0,"20":0,"21":0,"22":0,"23":0,"24":0,"25":0,"26":0,"27":0,"28":0,"29":0,"30":0,"31":0,"32":0,"33":0,"34":0,"35":0,"36":0,"37":0,"38":0,"39":0,"40":0,"41":0,"42":0,"43":0,"44":0,"45":0,"46":0,"47":0,"48":0,"49":0,"50":0,"51":0,"52":0,"53":0,"54":0,"55":0,"56":0,"57":0,"58":0,"59":0,"60":0,"61":0,"62":0,"63":0,"64":0,"65":0,"66":0,"67":0,"68":1},"f":{"0":10,"1":2,"2":0,"3":0,"4":0,"5":0,"6":0,"7":0,"8":0,"9":0,"10":0,"11":0,"12":0,"13":0,"14":0},"b":{"0":[0,0]},"_coverageSchema":"1a1c01bbd47fc00a2c39e90264f33305004495a9","hash":"6680eb613c70548882501dbc0e6a19e736fa0fbd"}
}
